<?xml version="1.0" encoding="UTF-8"?>
<!-- Generated by org.testng.reporters.JUnitReportReporter -->
<testsuite hostname="DESKTOP-0A8DN9C" failures="0" tests="1" name="Module1_LoginTest.SwagLabLoginTest" time="10.091" errors="0" timestamp="2024-12-17T12:57:12 IST" skipped="0">
  <testcase classname="Module1_LoginTest.SwagLabLoginTest" name="verifyLogo" time="10.091"/>
</testsuite> <!-- Module1_LoginTest.SwagLabLoginTest -->
